2014/11/04 00:55:49 [error] [exception.CHttpException.404] exception 'CHttpException' with message 'The system is unable to find the requested action "usuario".' in /home/fabricio/public_html/yii/framework/web/CController.php:483
Stack trace:
#0 /home/fabricio/public_html/yii/framework/web/CController.php(270): CController->missingAction('usuario')
#1 /home/fabricio/public_html/yii/framework/web/CWebApplication.php(282): CController->run('usuario')
#2 /home/fabricio/public_html/yii/framework/web/CWebApplication.php(141): CWebApplication->runController('site/usuario')
#3 /home/fabricio/public_html/yii/framework/base/CApplication.php(180): CWebApplication->processRequest()
#4 /home/fabricio/public_html/boleteria/index.php(13): CApplication->run()
#5 {main}
REQUEST_URI=/~fabricio/boleteria/index.php?r=site/usuario
---
2014/11/04 00:57:00 [error] [exception.CException] exception 'CException' with message 'Property "Usuario.password" is not defined.' in /home/fabricio/public_html/yii/framework/base/CComponent.php:130
Stack trace:
#0 /home/fabricio/public_html/yii/framework/db/ar/CActiveRecord.php(145): CComponent->__get('password')
#1 /home/fabricio/public_html/boleteria/protected/models/Usuario.php(123): CActiveRecord->__get('password')
#2 /home/fabricio/public_html/yii/framework/db/ar/CActiveRecord.php(1071): Usuario->beforeSave()
#3 /home/fabricio/public_html/yii/framework/db/ar/CActiveRecord.php(806): CActiveRecord->insert(NULL)
#4 /home/fabricio/public_html/boleteria/protected/controllers/UsuarioController.php(73): CActiveRecord->save()
#5 /home/fabricio/public_html/yii/framework/web/actions/CInlineAction.php(49): UsuarioController->actionCreate()
#6 /home/fabricio/public_html/yii/framework/web/CController.php(308): CInlineAction->runWithParams(Array)
#7 /home/fabricio/public_html/yii/framework/web/filters/CFilterChain.php(133): CController->runAction(Object(CInlineAction))
#8 /home/fabricio/public_html/yii/framework/web/filters/CFilter.php(40): CFilterChain->run()
#9 /home/fabricio/public_html/yii/framework/web/CController.php(1145): CFilter->filter(Object(CFilterChain))
#10 /home/fabricio/public_html/yii/framework/web/filters/CInlineFilter.php(58): CController->filterAccessControl(Object(CFilterChain))
#11 /home/fabricio/public_html/yii/framework/web/filters/CFilterChain.php(130): CInlineFilter->filter(Object(CFilterChain))
#12 /home/fabricio/public_html/yii/framework/web/CController.php(291): CFilterChain->run()
#13 /home/fabricio/public_html/yii/framework/web/CController.php(265): CController->runActionWithFilters(Object(CInlineAction), Array)
#14 /home/fabricio/public_html/yii/framework/web/CWebApplication.php(282): CController->run('create')
#15 /home/fabricio/public_html/yii/framework/web/CWebApplication.php(141): CWebApplication->runController('usuario/create')
#16 /home/fabricio/public_html/yii/framework/base/CApplication.php(180): CWebApplication->processRequest()
#17 /home/fabricio/public_html/boleteria/index.php(13): CApplication->run()
#18 {main}
REQUEST_URI=/~fabricio/boleteria/index.php?r=usuario/create
HTTP_REFERER=http://localhost/~fabricio/boleteria/index.php?r=usuario/create
---
2014/11/04 00:57:51 [error] [exception.CException] exception 'CException' with message 'The attribute must be specified in the format of "Name:Type:Label", where "Type" and "Label" are optional.' in /home/fabricio/public_html/yii/framework/zii/widgets/CDetailView.php:183
Stack trace:
#0 /home/fabricio/public_html/yii/framework/web/CBaseController.php(173): CDetailView->run()
#1 /home/fabricio/public_html/boleteria/protected/views/usuario/view.php(33): CBaseController->widget('zii.widgets.CDe...', Array)
#2 /home/fabricio/public_html/yii/framework/web/CBaseController.php(126): require('/home/fabricio/...')
#3 /home/fabricio/public_html/yii/framework/web/CBaseController.php(95): CBaseController->renderInternal('/home/fabricio/...', Array, true)
#4 /home/fabricio/public_html/yii/framework/web/CController.php(869): CBaseController->renderFile('/home/fabricio/...', Array, true)
#5 /home/fabricio/public_html/yii/framework/web/CController.php(782): CController->renderPartial('view', Array, true)
#6 /home/fabricio/public_html/boleteria/protected/controllers/UsuarioController.php(56): CController->render('view', Array)
#7 [internal function]: UsuarioController->actionView('1')
#8 /home/fabricio/public_html/yii/framework/web/actions/CAction.php(108): ReflectionMethod->invokeArgs(Object(UsuarioController), Array)
#9 /home/fabricio/public_html/yii/framework/web/actions/CInlineAction.php(47): CAction->runWithParamsInternal(Object(UsuarioController), Object(ReflectionMethod), Array)
#10 /home/fabricio/public_html/yii/framework/web/CController.php(308): CInlineAction->runWithParams(Array)
#11 /home/fabricio/public_html/yii/framework/web/filters/CFilterChain.php(133): CController->runAction(Object(CInlineAction))
#12 /home/fabricio/public_html/yii/framework/web/filters/CFilter.php(40): CFilterChain->run()
#13 /home/fabricio/public_html/yii/framework/web/CController.php(1145): CFilter->filter(Object(CFilterChain))
#14 /home/fabricio/public_html/yii/framework/web/filters/CInlineFilter.php(58): CController->filterAccessControl(Object(CFilterChain))
#15 /home/fabricio/public_html/yii/framework/web/filters/CFilterChain.php(130): CInlineFilter->filter(Object(CFilterChain))
#16 /home/fabricio/public_html/yii/framework/web/CController.php(291): CFilterChain->run()
#17 /home/fabricio/public_html/yii/framework/web/CController.php(265): CController->runActionWithFilters(Object(CInlineAction), Array)
#18 /home/fabricio/public_html/yii/framework/web/CWebApplication.php(282): CController->run('view')
#19 /home/fabricio/public_html/yii/framework/web/CWebApplication.php(141): CWebApplication->runController('usuario/view')
#20 /home/fabricio/public_html/yii/framework/base/CApplication.php(180): CWebApplication->processRequest()
#21 /home/fabricio/public_html/boleteria/index.php(13): CApplication->run()
#22 {main}
REQUEST_URI=/~fabricio/boleteria/index.php?r=usuario/view&id=1
HTTP_REFERER=http://localhost/~fabricio/boleteria/index.php?r=usuario/create
---
2014/11/04 01:01:43 [error] [exception.CException] exception 'CException' with message 'Property "Usuario.password" is not defined.' in /home/fabricio/public_html/yii/framework/base/CComponent.php:130
Stack trace:
#0 /home/fabricio/public_html/yii/framework/db/ar/CActiveRecord.php(145): CComponent->__get('password')
#1 /home/fabricio/public_html/boleteria/protected/models/Usuario.php(128): CActiveRecord->__get('password')
#2 /home/fabricio/public_html/yii/framework/db/ar/CActiveRecord.php(1071): Usuario->beforeSave()
#3 /home/fabricio/public_html/yii/framework/db/ar/CActiveRecord.php(806): CActiveRecord->insert(NULL)
#4 /home/fabricio/public_html/boleteria/protected/controllers/UsuarioController.php(73): CActiveRecord->save()
#5 /home/fabricio/public_html/yii/framework/web/actions/CInlineAction.php(49): UsuarioController->actionCreate()
#6 /home/fabricio/public_html/yii/framework/web/CController.php(308): CInlineAction->runWithParams(Array)
#7 /home/fabricio/public_html/yii/framework/web/filters/CFilterChain.php(133): CController->runAction(Object(CInlineAction))
#8 /home/fabricio/public_html/yii/framework/web/filters/CFilter.php(40): CFilterChain->run()
#9 /home/fabricio/public_html/yii/framework/web/CController.php(1145): CFilter->filter(Object(CFilterChain))
#10 /home/fabricio/public_html/yii/framework/web/filters/CInlineFilter.php(58): CController->filterAccessControl(Object(CFilterChain))
#11 /home/fabricio/public_html/yii/framework/web/filters/CFilterChain.php(130): CInlineFilter->filter(Object(CFilterChain))
#12 /home/fabricio/public_html/yii/framework/web/CController.php(291): CFilterChain->run()
#13 /home/fabricio/public_html/yii/framework/web/CController.php(265): CController->runActionWithFilters(Object(CInlineAction), Array)
#14 /home/fabricio/public_html/yii/framework/web/CWebApplication.php(282): CController->run('create')
#15 /home/fabricio/public_html/yii/framework/web/CWebApplication.php(141): CWebApplication->runController('usuario/create')
#16 /home/fabricio/public_html/yii/framework/base/CApplication.php(180): CWebApplication->processRequest()
#17 /home/fabricio/public_html/boleteria/index.php(13): CApplication->run()
#18 {main}
REQUEST_URI=/~fabricio/boleteria/index.php?r=usuario/create
HTTP_REFERER=http://localhost/~fabricio/boleteria/index.php?r=usuario/create
---
2014/11/04 01:03:23 [error] [exception.CException] exception 'CException' with message 'Property "Usuario.password" is not defined.' in /home/fabricio/public_html/yii/framework/base/CComponent.php:130
Stack trace:
#0 /home/fabricio/public_html/yii/framework/db/ar/CActiveRecord.php(145): CComponent->__get('password')
#1 /home/fabricio/public_html/boleteria/protected/models/Usuario.php(128): CActiveRecord->__get('password')
#2 /home/fabricio/public_html/yii/framework/db/ar/CActiveRecord.php(1071): Usuario->beforeSave()
#3 /home/fabricio/public_html/yii/framework/db/ar/CActiveRecord.php(806): CActiveRecord->insert(NULL)
#4 /home/fabricio/public_html/boleteria/protected/controllers/UsuarioController.php(73): CActiveRecord->save()
#5 /home/fabricio/public_html/yii/framework/web/actions/CInlineAction.php(49): UsuarioController->actionCreate()
#6 /home/fabricio/public_html/yii/framework/web/CController.php(308): CInlineAction->runWithParams(Array)
#7 /home/fabricio/public_html/yii/framework/web/filters/CFilterChain.php(133): CController->runAction(Object(CInlineAction))
#8 /home/fabricio/public_html/yii/framework/web/filters/CFilter.php(40): CFilterChain->run()
#9 /home/fabricio/public_html/yii/framework/web/CController.php(1145): CFilter->filter(Object(CFilterChain))
#10 /home/fabricio/public_html/yii/framework/web/filters/CInlineFilter.php(58): CController->filterAccessControl(Object(CFilterChain))
#11 /home/fabricio/public_html/yii/framework/web/filters/CFilterChain.php(130): CInlineFilter->filter(Object(CFilterChain))
#12 /home/fabricio/public_html/yii/framework/web/CController.php(291): CFilterChain->run()
#13 /home/fabricio/public_html/yii/framework/web/CController.php(265): CController->runActionWithFilters(Object(CInlineAction), Array)
#14 /home/fabricio/public_html/yii/framework/web/CWebApplication.php(282): CController->run('create')
#15 /home/fabricio/public_html/yii/framework/web/CWebApplication.php(141): CWebApplication->runController('usuario/create')
#16 /home/fabricio/public_html/yii/framework/base/CApplication.php(180): CWebApplication->processRequest()
#17 /home/fabricio/public_html/boleteria/index.php(13): CApplication->run()
#18 {main}
REQUEST_URI=/~fabricio/boleteria/index.php?r=usuario/create
HTTP_REFERER=http://localhost/~fabricio/boleteria/index.php?r=usuario/create
---
2014/11/04 01:03:54 [error] [exception.CException] exception 'CException' with message 'Property "Usuario.password" is not defined.' in /home/fabricio/public_html/yii/framework/base/CComponent.php:130
Stack trace:
#0 /home/fabricio/public_html/yii/framework/db/ar/CActiveRecord.php(145): CComponent->__get('password')
#1 /home/fabricio/public_html/boleteria/protected/models/Usuario.php(128): CActiveRecord->__get('password')
#2 /home/fabricio/public_html/yii/framework/db/ar/CActiveRecord.php(1071): Usuario->beforeSave()
#3 /home/fabricio/public_html/yii/framework/db/ar/CActiveRecord.php(806): CActiveRecord->insert(NULL)
#4 /home/fabricio/public_html/boleteria/protected/controllers/UsuarioController.php(73): CActiveRecord->save()
#5 /home/fabricio/public_html/yii/framework/web/actions/CInlineAction.php(49): UsuarioController->actionCreate()
#6 /home/fabricio/public_html/yii/framework/web/CController.php(308): CInlineAction->runWithParams(Array)
#7 /home/fabricio/public_html/yii/framework/web/filters/CFilterChain.php(133): CController->runAction(Object(CInlineAction))
#8 /home/fabricio/public_html/yii/framework/web/filters/CFilter.php(40): CFilterChain->run()
#9 /home/fabricio/public_html/yii/framework/web/CController.php(1145): CFilter->filter(Object(CFilterChain))
#10 /home/fabricio/public_html/yii/framework/web/filters/CInlineFilter.php(58): CController->filterAccessControl(Object(CFilterChain))
#11 /home/fabricio/public_html/yii/framework/web/filters/CFilterChain.php(130): CInlineFilter->filter(Object(CFilterChain))
#12 /home/fabricio/public_html/yii/framework/web/CController.php(291): CFilterChain->run()
#13 /home/fabricio/public_html/yii/framework/web/CController.php(265): CController->runActionWithFilters(Object(CInlineAction), Array)
#14 /home/fabricio/public_html/yii/framework/web/CWebApplication.php(282): CController->run('create')
#15 /home/fabricio/public_html/yii/framework/web/CWebApplication.php(141): CWebApplication->runController('usuario/create')
#16 /home/fabricio/public_html/yii/framework/base/CApplication.php(180): CWebApplication->processRequest()
#17 /home/fabricio/public_html/boleteria/index.php(13): CApplication->run()
#18 {main}
REQUEST_URI=/~fabricio/boleteria/index.php?r=usuario/create
HTTP_REFERER=http://localhost/~fabricio/boleteria/index.php?r=usuario/create
---
2014/11/04 01:35:47 [error] [exception.CHttpException.403] exception 'CHttpException' with message 'You are not authorized to perform this action.' in /home/fabricio/public_html/yii/framework/web/auth/CAccessControlFilter.php:182
Stack trace:
#0 /home/fabricio/public_html/yii/framework/web/auth/CAccessControlFilter.php(145): CAccessControlFilter->accessDenied(Object(CWebUser), 'You are not aut...')
#1 /home/fabricio/public_html/yii/framework/web/filters/CFilter.php(38): CAccessControlFilter->preFilter(Object(CFilterChain))
#2 /home/fabricio/public_html/yii/framework/web/CController.php(1145): CFilter->filter(Object(CFilterChain))
#3 /home/fabricio/public_html/yii/framework/web/filters/CInlineFilter.php(58): CController->filterAccessControl(Object(CFilterChain))
#4 /home/fabricio/public_html/yii/framework/web/filters/CFilterChain.php(130): CInlineFilter->filter(Object(CFilterChain))
#5 /home/fabricio/public_html/yii/framework/web/CController.php(291): CFilterChain->run()
#6 /home/fabricio/public_html/yii/framework/web/CController.php(265): CController->runActionWithFilters(Object(CInlineAction), Array)
#7 /home/fabricio/public_html/yii/framework/web/CWebApplication.php(282): CController->run('admin')
#8 /home/fabricio/public_html/yii/framework/web/CWebApplication.php(141): CWebApplication->runController('compra/admin')
#9 /home/fabricio/public_html/yii/framework/base/CApplication.php(180): CWebApplication->processRequest()
#10 /home/fabricio/public_html/boleteria/index.php(13): CApplication->run()
#11 {main}
REQUEST_URI=/~fabricio/boleteria/index.php?r=compra/admin
HTTP_REFERER=http://localhost/~fabricio/boleteria/index.php?r=site/login
---
2014/11/17 20:30:29 [error] [exception.CHttpException.404] exception 'CHttpException' with message 'The system is unable to find the requested action "login".' in /home/fabricio/public_html/yii/framework/web/CController.php:483
Stack trace:
#0 /home/fabricio/public_html/yii/framework/web/CController.php(270): CController->missingAction('login')
#1 /home/fabricio/public_html/yii/framework/web/CWebApplication.php(282): CController->run('login')
#2 /home/fabricio/public_html/yii/framework/web/CWebApplication.php(141): CWebApplication->runController('usuario/login')
#3 /home/fabricio/public_html/yii/framework/base/CApplication.php(180): CWebApplication->processRequest()
#4 /home/fabricio/public_html/PROYECTO_BOLETERIA_YII_1/index.php(13): CApplication->run()
#5 {main}
REQUEST_URI=/~fabricio/PROYECTO_BOLETERIA_YII_1/index.php?r=usuario/login
---
2014/11/17 20:57:35 [error] [exception.CException] exception 'CException' with message 'Property "Usuario.passwordCompare" is not defined.' in /home/fabricio/public_html/yii/framework/base/CComponent.php:130
Stack trace:
#0 /home/fabricio/public_html/yii/framework/db/ar/CActiveRecord.php(145): CComponent->__get('passwordCompare')
#1 /home/fabricio/public_html/yii/framework/web/helpers/CHtml.php(2529): CActiveRecord->__get('passwordCompare')
#2 /home/fabricio/public_html/yii/framework/web/helpers/CHtml.php(2252): CHtml::resolveValue(Object(Usuario), 'passwordCompare')
#3 /home/fabricio/public_html/yii/framework/web/helpers/CHtml.php(1628): CHtml::activeInputField('password', Object(Usuario), 'passwordCompare', Array)
#4 /home/fabricio/public_html/yii/framework/web/widgets/CActiveForm.php(771): CHtml::activePasswordField(Object(Usuario), 'passwordCompare', Array)
#5 /home/fabricio/public_html/PROYECTO_BOLETERIA_YII_1/protected/views/usuario/_form.php(66): CActiveForm->passwordField(Object(Usuario), 'passwordCompare', Array)
#6 /home/fabricio/public_html/yii/framework/web/CBaseController.php(126): require('/home/fabricio/...')
#7 /home/fabricio/public_html/yii/framework/web/CBaseController.php(95): CBaseController->renderInternal('/home/fabricio/...', Array, true)
#8 /home/fabricio/public_html/yii/framework/web/CController.php(869): CBaseController->renderFile('/home/fabricio/...', Array, true)
#9 /home/fabricio/public_html/PROYECTO_BOLETERIA_YII_1/protected/views/usuario/create.php(18): CController->renderPartial('_form', Array)
#10 /home/fabricio/public_html/yii/framework/web/CBaseController.php(126): require('/home/fabricio/...')
#11 /home/fabricio/public_html/yii/framework/web/CBaseController.php(95): CBaseController->renderInternal('/home/fabricio/...', Array, true)
#12 /home/fabricio/public_html/yii/framework/web/CController.php(869): CBaseController->renderFile('/home/fabricio/...', Array, true)
#13 /home/fabricio/public_html/yii/framework/web/CController.php(782): CController->renderPartial('create', Array, true)
#14 /home/fabricio/public_html/PROYECTO_BOLETERIA_YII_1/protected/controllers/UsuarioController.php(79): CController->render('create', Array)
#15 /home/fabricio/public_html/yii/framework/web/actions/CInlineAction.php(49): UsuarioController->actionCreate()
#16 /home/fabricio/public_html/yii/framework/web/CController.php(308): CInlineAction->runWithParams(Array)
#17 /home/fabricio/public_html/yii/framework/web/filters/CFilterChain.php(133): CController->runAction(Object(CInlineAction))
#18 /home/fabricio/public_html/yii/framework/web/filters/CFilter.php(40): CFilterChain->run()
#19 /home/fabricio/public_html/yii/framework/web/CController.php(1145): CFilter->filter(Object(CFilterChain))
#20 /home/fabricio/public_html/yii/framework/web/filters/CInlineFilter.php(58): CController->filterAccessControl(Object(CFilterChain))
#21 /home/fabricio/public_html/yii/framework/web/filters/CFilterChain.php(130): CInlineFilter->filter(Object(CFilterChain))
#22 /home/fabricio/public_html/yii/framework/web/CController.php(291): CFilterChain->run()
#23 /home/fabricio/public_html/yii/framework/web/CController.php(265): CController->runActionWithFilters(Object(CInlineAction), Array)
#24 /home/fabricio/public_html/yii/framework/web/CWebApplication.php(282): CController->run('create')
#25 /home/fabricio/public_html/yii/framework/web/CWebApplication.php(141): CWebApplication->runController('usuario/create')
#26 /home/fabricio/public_html/yii/framework/base/CApplication.php(180): CWebApplication->processRequest()
#27 /home/fabricio/public_html/PROYECTO_BOLETERIA_YII_1/index.php(13): CApplication->run()
#28 {main}
REQUEST_URI=/~fabricio/PROYECTO_BOLETERIA_YII_1/index.php?r=usuario/create
HTTP_REFERER=http://localhost/~fabricio/PROYECTO_BOLETERIA_YII_1/index.php?r=site/login
---
2014/11/17 20:59:56 [error] [exception.CException] exception 'CException' with message 'Property "Usuario.passwordCompare" is not defined.' in /home/fabricio/public_html/yii/framework/base/CComponent.php:130
Stack trace:
#0 /home/fabricio/public_html/yii/framework/db/ar/CActiveRecord.php(145): CComponent->__get('passwordCompare')
#1 /home/fabricio/public_html/yii/framework/web/helpers/CHtml.php(2529): CActiveRecord->__get('passwordCompare')
#2 /home/fabricio/public_html/yii/framework/web/helpers/CHtml.php(2252): CHtml::resolveValue(Object(Usuario), 'passwordCompare')
#3 /home/fabricio/public_html/yii/framework/web/helpers/CHtml.php(1628): CHtml::activeInputField('password', Object(Usuario), 'passwordCompare', Array)
#4 /home/fabricio/public_html/yii/framework/web/widgets/CActiveForm.php(771): CHtml::activePasswordField(Object(Usuario), 'passwordCompare', Array)
#5 /home/fabricio/public_html/PROYECTO_BOLETERIA_YII_1/protected/views/usuario/_form.php(66): CActiveForm->passwordField(Object(Usuario), 'passwordCompare', Array)
#6 /home/fabricio/public_html/yii/framework/web/CBaseController.php(126): require('/home/fabricio/...')
#7 /home/fabricio/public_html/yii/framework/web/CBaseController.php(95): CBaseController->renderInternal('/home/fabricio/...', Array, true)
#8 /home/fabricio/public_html/yii/framework/web/CController.php(869): CBaseController->renderFile('/home/fabricio/...', Array, true)
#9 /home/fabricio/public_html/PROYECTO_BOLETERIA_YII_1/protected/views/usuario/create.php(18): CController->renderPartial('_form', Array)
#10 /home/fabricio/public_html/yii/framework/web/CBaseController.php(126): require('/home/fabricio/...')
#11 /home/fabricio/public_html/yii/framework/web/CBaseController.php(95): CBaseController->renderInternal('/home/fabricio/...', Array, true)
#12 /home/fabricio/public_html/yii/framework/web/CController.php(869): CBaseController->renderFile('/home/fabricio/...', Array, true)
#13 /home/fabricio/public_html/yii/framework/web/CController.php(782): CController->renderPartial('create', Array, true)
#14 /home/fabricio/public_html/PROYECTO_BOLETERIA_YII_1/protected/controllers/UsuarioController.php(79): CController->render('create', Array)
#15 /home/fabricio/public_html/yii/framework/web/actions/CInlineAction.php(49): UsuarioController->actionCreate()
#16 /home/fabricio/public_html/yii/framework/web/CController.php(308): CInlineAction->runWithParams(Array)
#17 /home/fabricio/public_html/yii/framework/web/filters/CFilterChain.php(133): CController->runAction(Object(CInlineAction))
#18 /home/fabricio/public_html/yii/framework/web/filters/CFilter.php(40): CFilterChain->run()
#19 /home/fabricio/public_html/yii/framework/web/CController.php(1145): CFilter->filter(Object(CFilterChain))
#20 /home/fabricio/public_html/yii/framework/web/filters/CInlineFilter.php(58): CController->filterAccessControl(Object(CFilterChain))
#21 /home/fabricio/public_html/yii/framework/web/filters/CFilterChain.php(130): CInlineFilter->filter(Object(CFilterChain))
#22 /home/fabricio/public_html/yii/framework/web/CController.php(291): CFilterChain->run()
#23 /home/fabricio/public_html/yii/framework/web/CController.php(265): CController->runActionWithFilters(Object(CInlineAction), Array)
#24 /home/fabricio/public_html/yii/framework/web/CWebApplication.php(282): CController->run('create')
#25 /home/fabricio/public_html/yii/framework/web/CWebApplication.php(141): CWebApplication->runController('usuario/create')
#26 /home/fabricio/public_html/yii/framework/base/CApplication.php(180): CWebApplication->processRequest()
#27 /home/fabricio/public_html/PROYECTO_BOLETERIA_YII_1/index.php(13): CApplication->run()
#28 {main}
REQUEST_URI=/~fabricio/PROYECTO_BOLETERIA_YII_1/index.php?r=usuario/create
HTTP_REFERER=http://localhost/~fabricio/PROYECTO_BOLETERIA_YII_1/index.php?r=site/login
---
2014/11/17 21:07:43 [warning] [application] Failed to set unsafe attribute "passwordCompare" of "Usuario".
in /home/fabricio/public_html/PROYECTO_BOLETERIA_YII_1/protected/controllers/UsuarioController.php (72)
in /home/fabricio/public_html/PROYECTO_BOLETERIA_YII_1/index.php (13)
2014/11/17 21:11:09 [warning] [application] Failed to set unsafe attribute "passwordCompare" of "Usuario".
in /home/fabricio/public_html/PROYECTO_BOLETERIA_YII_1/protected/controllers/UsuarioController.php (72)
in /home/fabricio/public_html/PROYECTO_BOLETERIA_YII_1/index.php (13)
2014/11/17 21:11:23 [warning] [application] Failed to set unsafe attribute "passwordCompare" of "Usuario".
in /home/fabricio/public_html/PROYECTO_BOLETERIA_YII_1/protected/controllers/UsuarioController.php (72)
in /home/fabricio/public_html/PROYECTO_BOLETERIA_YII_1/index.php (13)
2014/11/17 21:11:34 [warning] [application] Failed to set unsafe attribute "passwordCompare" of "Usuario".
in /home/fabricio/public_html/PROYECTO_BOLETERIA_YII_1/protected/controllers/UsuarioController.php (72)
in /home/fabricio/public_html/PROYECTO_BOLETERIA_YII_1/index.php (13)
2014/11/17 21:13:50 [warning] [application] Failed to set unsafe attribute "passwordCompare" of "Usuario".
in /home/fabricio/public_html/PROYECTO_BOLETERIA_YII_1/protected/controllers/UsuarioController.php (72)
in /home/fabricio/public_html/PROYECTO_BOLETERIA_YII_1/index.php (13)
2014/11/17 21:13:57 [warning] [application] Failed to set unsafe attribute "passwordCompare" of "Usuario".
in /home/fabricio/public_html/PROYECTO_BOLETERIA_YII_1/protected/controllers/UsuarioController.php (72)
in /home/fabricio/public_html/PROYECTO_BOLETERIA_YII_1/index.php (13)
2014/11/17 21:14:01 [warning] [application] Failed to set unsafe attribute "passwordCompare" of "Usuario".
in /home/fabricio/public_html/PROYECTO_BOLETERIA_YII_1/protected/controllers/UsuarioController.php (72)
in /home/fabricio/public_html/PROYECTO_BOLETERIA_YII_1/index.php (13)
2014/11/17 21:14:04 [warning] [application] Failed to set unsafe attribute "passwordCompare" of "Usuario".
in /home/fabricio/public_html/PROYECTO_BOLETERIA_YII_1/protected/controllers/UsuarioController.php (72)
in /home/fabricio/public_html/PROYECTO_BOLETERIA_YII_1/index.php (13)
2014/11/17 21:14:10 [warning] [application] Failed to set unsafe attribute "passwordCompare" of "Usuario".
in /home/fabricio/public_html/PROYECTO_BOLETERIA_YII_1/protected/controllers/UsuarioController.php (72)
in /home/fabricio/public_html/PROYECTO_BOLETERIA_YII_1/index.php (13)
2014/11/17 21:15:33 [warning] [application] Failed to set unsafe attribute "passwordCompare" of "Usuario".
in /home/fabricio/public_html/PROYECTO_BOLETERIA_YII_1/protected/controllers/UsuarioController.php (72)
in /home/fabricio/public_html/PROYECTO_BOLETERIA_YII_1/index.php (13)
2014/11/17 21:16:07 [warning] [application] Failed to set unsafe attribute "passwordCompare" of "Usuario".
in /home/fabricio/public_html/PROYECTO_BOLETERIA_YII_1/protected/controllers/UsuarioController.php (72)
in /home/fabricio/public_html/PROYECTO_BOLETERIA_YII_1/index.php (13)
2014/11/17 21:16:26 [warning] [application] Failed to set unsafe attribute "passwordCompare" of "Usuario".
in /home/fabricio/public_html/PROYECTO_BOLETERIA_YII_1/protected/controllers/UsuarioController.php (72)
in /home/fabricio/public_html/PROYECTO_BOLETERIA_YII_1/index.php (13)
2014/11/17 21:19:07 [warning] [application] Failed to set unsafe attribute "passwordCompare" of "Usuario".
in /home/fabricio/public_html/PROYECTO_BOLETERIA_YII_1/protected/controllers/UsuarioController.php (72)
in /home/fabricio/public_html/PROYECTO_BOLETERIA_YII_1/index.php (13)
2014/11/17 21:19:13 [warning] [application] Failed to set unsafe attribute "passwordCompare" of "Usuario".
in /home/fabricio/public_html/PROYECTO_BOLETERIA_YII_1/protected/controllers/UsuarioController.php (72)
in /home/fabricio/public_html/PROYECTO_BOLETERIA_YII_1/index.php (13)
2014/11/17 21:19:52 [error] [exception.CException] exception 'CException' with message 'Usuario has an invalid validation rule. The rule must specify attributes to be validated and the validator name.' in /home/fabricio/public_html/yii/framework/base/CModel.php:289
Stack trace:
#0 /home/fabricio/public_html/yii/framework/base/CModel.php(260): CModel->createValidators()
#1 /home/fabricio/public_html/yii/framework/base/CModel.php(304): CModel->getValidators('idusuario')
#2 /home/fabricio/public_html/yii/framework/web/helpers/CHtml.php(1414): CModel->isAttributeRequired('idusuario')
#3 /home/fabricio/public_html/yii/framework/web/widgets/CActiveForm.php(597): CHtml::activeLabelEx(Object(Usuario), 'idusuario', Array)
#4 /home/fabricio/public_html/PROYECTO_BOLETERIA_YII_1/protected/views/usuario/_form.php(23): CActiveForm->labelEx(Object(Usuario), 'idusuario')
#5 /home/fabricio/public_html/yii/framework/web/CBaseController.php(126): require('/home/fabricio/...')
#6 /home/fabricio/public_html/yii/framework/web/CBaseController.php(95): CBaseController->renderInternal('/home/fabricio/...', Array, true)
#7 /home/fabricio/public_html/yii/framework/web/CController.php(869): CBaseController->renderFile('/home/fabricio/...', Array, true)
#8 /home/fabricio/public_html/PROYECTO_BOLETERIA_YII_1/protected/views/usuario/create.php(18): CController->renderPartial('_form', Array)
#9 /home/fabricio/public_html/yii/framework/web/CBaseController.php(126): require('/home/fabricio/...')
#10 /home/fabricio/public_html/yii/framework/web/CBaseController.php(95): CBaseController->renderInternal('/home/fabricio/...', Array, true)
#11 /home/fabricio/public_html/yii/framework/web/CController.php(869): CBaseController->renderFile('/home/fabricio/...', Array, true)
#12 /home/fabricio/public_html/yii/framework/web/CController.php(782): CController->renderPartial('create', Array, true)
#13 /home/fabricio/public_html/PROYECTO_BOLETERIA_YII_1/protected/controllers/UsuarioController.php(79): CController->render('create', Array)
#14 /home/fabricio/public_html/yii/framework/web/actions/CInlineAction.php(49): UsuarioController->actionCreate()
#15 /home/fabricio/public_html/yii/framework/web/CController.php(308): CInlineAction->runWithParams(Array)
#16 /home/fabricio/public_html/yii/framework/web/filters/CFilterChain.php(133): CController->runAction(Object(CInlineAction))
#17 /home/fabricio/public_html/yii/framework/web/filters/CFilter.php(40): CFilterChain->run()
#18 /home/fabricio/public_html/yii/framework/web/CController.php(1145): CFilter->filter(Object(CFilterChain))
#19 /home/fabricio/public_html/yii/framework/web/filters/CInlineFilter.php(58): CController->filterAccessControl(Object(CFilterChain))
#20 /home/fabricio/public_html/yii/framework/web/filters/CFilterChain.php(130): CInlineFilter->filter(Object(CFilterChain))
#21 /home/fabricio/public_html/yii/framework/web/CController.php(291): CFilterChain->run()
#22 /home/fabricio/public_html/yii/framework/web/CController.php(265): CController->runActionWithFilters(Object(CInlineAction), Array)
#23 /home/fabricio/public_html/yii/framework/web/CWebApplication.php(282): CController->run('create')
#24 /home/fabricio/public_html/yii/framework/web/CWebApplication.php(141): CWebApplication->runController('usuario/create')
#25 /home/fabricio/public_html/yii/framework/base/CApplication.php(180): CWebApplication->processRequest()
#26 /home/fabricio/public_html/PROYECTO_BOLETERIA_YII_1/index.php(13): CApplication->run()
#27 {main}
REQUEST_URI=/~fabricio/PROYECTO_BOLETERIA_YII_1/index.php?r=usuario/create
HTTP_REFERER=http://localhost/~fabricio/PROYECTO_BOLETERIA_YII_1/index.php?r=usuario/index
---
2014/11/17 21:19:57 [error] [exception.CException] exception 'CException' with message 'Usuario has an invalid validation rule. The rule must specify attributes to be validated and the validator name.' in /home/fabricio/public_html/yii/framework/base/CModel.php:289
Stack trace:
#0 /home/fabricio/public_html/yii/framework/base/CModel.php(260): CModel->createValidators()
#1 /home/fabricio/public_html/yii/framework/base/CModel.php(304): CModel->getValidators('idusuario')
#2 /home/fabricio/public_html/yii/framework/web/helpers/CHtml.php(1414): CModel->isAttributeRequired('idusuario')
#3 /home/fabricio/public_html/yii/framework/web/widgets/CActiveForm.php(597): CHtml::activeLabelEx(Object(Usuario), 'idusuario', Array)
#4 /home/fabricio/public_html/PROYECTO_BOLETERIA_YII_1/protected/views/usuario/_form.php(23): CActiveForm->labelEx(Object(Usuario), 'idusuario')
#5 /home/fabricio/public_html/yii/framework/web/CBaseController.php(126): require('/home/fabricio/...')
#6 /home/fabricio/public_html/yii/framework/web/CBaseController.php(95): CBaseController->renderInternal('/home/fabricio/...', Array, true)
#7 /home/fabricio/public_html/yii/framework/web/CController.php(869): CBaseController->renderFile('/home/fabricio/...', Array, true)
#8 /home/fabricio/public_html/PROYECTO_BOLETERIA_YII_1/protected/views/usuario/create.php(18): CController->renderPartial('_form', Array)
#9 /home/fabricio/public_html/yii/framework/web/CBaseController.php(126): require('/home/fabricio/...')
#10 /home/fabricio/public_html/yii/framework/web/CBaseController.php(95): CBaseController->renderInternal('/home/fabricio/...', Array, true)
#11 /home/fabricio/public_html/yii/framework/web/CController.php(869): CBaseController->renderFile('/home/fabricio/...', Array, true)
#12 /home/fabricio/public_html/yii/framework/web/CController.php(782): CController->renderPartial('create', Array, true)
#13 /home/fabricio/public_html/PROYECTO_BOLETERIA_YII_1/protected/controllers/UsuarioController.php(79): CController->render('create', Array)
#14 /home/fabricio/public_html/yii/framework/web/actions/CInlineAction.php(49): UsuarioController->actionCreate()
#15 /home/fabricio/public_html/yii/framework/web/CController.php(308): CInlineAction->runWithParams(Array)
#16 /home/fabricio/public_html/yii/framework/web/filters/CFilterChain.php(133): CController->runAction(Object(CInlineAction))
#17 /home/fabricio/public_html/yii/framework/web/filters/CFilter.php(40): CFilterChain->run()
#18 /home/fabricio/public_html/yii/framework/web/CController.php(1145): CFilter->filter(Object(CFilterChain))
#19 /home/fabricio/public_html/yii/framework/web/filters/CInlineFilter.php(58): CController->filterAccessControl(Object(CFilterChain))
#20 /home/fabricio/public_html/yii/framework/web/filters/CFilterChain.php(130): CInlineFilter->filter(Object(CFilterChain))
#21 /home/fabricio/public_html/yii/framework/web/CController.php(291): CFilterChain->run()
#22 /home/fabricio/public_html/yii/framework/web/CController.php(265): CController->runActionWithFilters(Object(CInlineAction), Array)
#23 /home/fabricio/public_html/yii/framework/web/CWebApplication.php(282): CController->run('create')
#24 /home/fabricio/public_html/yii/framework/web/CWebApplication.php(141): CWebApplication->runController('usuario/create')
#25 /home/fabricio/public_html/yii/framework/base/CApplication.php(180): CWebApplication->processRequest()
#26 /home/fabricio/public_html/PROYECTO_BOLETERIA_YII_1/index.php(13): CApplication->run()
#27 {main}
REQUEST_URI=/~fabricio/PROYECTO_BOLETERIA_YII_1/index.php?r=usuario/create
HTTP_REFERER=http://localhost/~fabricio/PROYECTO_BOLETERIA_YII_1/index.php?r=usuario/index
---
2014/11/17 21:28:41 [error] [exception.CHttpException.403] exception 'CHttpException' with message 'You are not authorized to perform this action.' in /home/fabricio/public_html/yii/framework/web/auth/CAccessControlFilter.php:182
Stack trace:
#0 /home/fabricio/public_html/yii/framework/web/auth/CAccessControlFilter.php(145): CAccessControlFilter->accessDenied(Object(CWebUser), 'You are not aut...')
#1 /home/fabricio/public_html/yii/framework/web/filters/CFilter.php(38): CAccessControlFilter->preFilter(Object(CFilterChain))
#2 /home/fabricio/public_html/yii/framework/web/CController.php(1145): CFilter->filter(Object(CFilterChain))
#3 /home/fabricio/public_html/yii/framework/web/filters/CInlineFilter.php(58): CController->filterAccessControl(Object(CFilterChain))
#4 /home/fabricio/public_html/yii/framework/web/filters/CFilterChain.php(130): CInlineFilter->filter(Object(CFilterChain))
#5 /home/fabricio/public_html/yii/framework/web/CController.php(291): CFilterChain->run()
#6 /home/fabricio/public_html/yii/framework/web/CController.php(265): CController->runActionWithFilters(Object(CInlineAction), Array)
#7 /home/fabricio/public_html/yii/framework/web/CWebApplication.php(282): CController->run('admin')
#8 /home/fabricio/public_html/yii/framework/web/CWebApplication.php(141): CWebApplication->runController('catalogoRuta/ad...')
#9 /home/fabricio/public_html/yii/framework/base/CApplication.php(180): CWebApplication->processRequest()
#10 /home/fabricio/public_html/PROYECTO_BOLETERIA_YII_1/index.php(13): CApplication->run()
#11 {main}
REQUEST_URI=/~fabricio/PROYECTO_BOLETERIA_YII_1/index.php?r=catalogoRuta/admin
HTTP_REFERER=http://localhost/~fabricio/PROYECTO_BOLETERIA_YII_1/index.php?r=reserva/admin
---
2014/11/18 10:12:45 [error] [exception.CHttpException.403] exception 'CHttpException' with message 'You are not authorized to perform this action.' in /home/fabricio/public_html/yii/framework/web/auth/CAccessControlFilter.php:182
Stack trace:
#0 /home/fabricio/public_html/yii/framework/web/auth/CAccessControlFilter.php(145): CAccessControlFilter->accessDenied(Object(CWebUser), 'You are not aut...')
#1 /home/fabricio/public_html/yii/framework/web/filters/CFilter.php(38): CAccessControlFilter->preFilter(Object(CFilterChain))
#2 /home/fabricio/public_html/yii/framework/web/CController.php(1145): CFilter->filter(Object(CFilterChain))
#3 /home/fabricio/public_html/yii/framework/web/filters/CInlineFilter.php(58): CController->filterAccessControl(Object(CFilterChain))
#4 /home/fabricio/public_html/yii/framework/web/filters/CFilterChain.php(130): CInlineFilter->filter(Object(CFilterChain))
#5 /home/fabricio/public_html/yii/framework/web/CController.php(291): CFilterChain->run()
#6 /home/fabricio/public_html/yii/framework/web/CController.php(265): CController->runActionWithFilters(Object(CInlineAction), Array)
#7 /home/fabricio/public_html/yii/framework/web/CWebApplication.php(282): CController->run('admin')
#8 /home/fabricio/public_html/yii/framework/web/CWebApplication.php(141): CWebApplication->runController('catalogoRuta/ad...')
#9 /home/fabricio/public_html/yii/framework/base/CApplication.php(180): CWebApplication->processRequest()
#10 /home/fabricio/public_html/PROYECTO_BOLETERIA_YII_1/index.php(13): CApplication->run()
#11 {main}
REQUEST_URI=/~fabricio/PROYECTO_BOLETERIA_YII_1/index.php?r=catalogoRuta/admin
HTTP_REFERER=http://localhost/~fabricio/PROYECTO_BOLETERIA_YII_1/index.php?r=reserva/admin
---
2014/11/18 10:12:50 [error] [exception.CHttpException.403] exception 'CHttpException' with message 'You are not authorized to perform this action.' in /home/fabricio/public_html/yii/framework/web/auth/CAccessControlFilter.php:182
Stack trace:
#0 /home/fabricio/public_html/yii/framework/web/auth/CAccessControlFilter.php(145): CAccessControlFilter->accessDenied(Object(CWebUser), 'You are not aut...')
#1 /home/fabricio/public_html/yii/framework/web/filters/CFilter.php(38): CAccessControlFilter->preFilter(Object(CFilterChain))
#2 /home/fabricio/public_html/yii/framework/web/CController.php(1145): CFilter->filter(Object(CFilterChain))
#3 /home/fabricio/public_html/yii/framework/web/filters/CInlineFilter.php(58): CController->filterAccessControl(Object(CFilterChain))
#4 /home/fabricio/public_html/yii/framework/web/filters/CFilterChain.php(130): CInlineFilter->filter(Object(CFilterChain))
#5 /home/fabricio/public_html/yii/framework/web/CController.php(291): CFilterChain->run()
#6 /home/fabricio/public_html/yii/framework/web/CController.php(265): CController->runActionWithFilters(Object(CInlineAction), Array)
#7 /home/fabricio/public_html/yii/framework/web/CWebApplication.php(282): CController->run('admin')
#8 /home/fabricio/public_html/yii/framework/web/CWebApplication.php(141): CWebApplication->runController('catalogoRuta/ad...')
#9 /home/fabricio/public_html/yii/framework/base/CApplication.php(180): CWebApplication->processRequest()
#10 /home/fabricio/public_html/PROYECTO_BOLETERIA_YII_1/index.php(13): CApplication->run()
#11 {main}
REQUEST_URI=/~fabricio/PROYECTO_BOLETERIA_YII_1/index.php?r=catalogoRuta/admin
HTTP_REFERER=http://localhost/~fabricio/PROYECTO_BOLETERIA_YII_1/index.php?r=reserva/admin
---
2014/11/18 10:18:57 [error] [exception.CHttpException.403] exception 'CHttpException' with message 'You are not authorized to perform this action.' in /home/fabricio/public_html/yii/framework/web/auth/CAccessControlFilter.php:182
Stack trace:
#0 /home/fabricio/public_html/yii/framework/web/auth/CAccessControlFilter.php(145): CAccessControlFilter->accessDenied(Object(CWebUser), 'You are not aut...')
#1 /home/fabricio/public_html/yii/framework/web/filters/CFilter.php(38): CAccessControlFilter->preFilter(Object(CFilterChain))
#2 /home/fabricio/public_html/yii/framework/web/CController.php(1145): CFilter->filter(Object(CFilterChain))
#3 /home/fabricio/public_html/yii/framework/web/filters/CInlineFilter.php(58): CController->filterAccessControl(Object(CFilterChain))
#4 /home/fabricio/public_html/yii/framework/web/filters/CFilterChain.php(130): CInlineFilter->filter(Object(CFilterChain))
#5 /home/fabricio/public_html/yii/framework/web/CController.php(291): CFilterChain->run()
#6 /home/fabricio/public_html/yii/framework/web/CController.php(265): CController->runActionWithFilters(Object(CInlineAction), Array)
#7 /home/fabricio/public_html/yii/framework/web/CWebApplication.php(282): CController->run('admin')
#8 /home/fabricio/public_html/yii/framework/web/CWebApplication.php(141): CWebApplication->runController('catalogoRuta/ad...')
#9 /home/fabricio/public_html/yii/framework/base/CApplication.php(180): CWebApplication->processRequest()
#10 /home/fabricio/public_html/PROYECTO_BOLETERIA_YII_1/index.php(13): CApplication->run()
#11 {main}
REQUEST_URI=/~fabricio/PROYECTO_BOLETERIA_YII_1/index.php?r=catalogoRuta/admin
HTTP_REFERER=http://localhost/~fabricio/PROYECTO_BOLETERIA_YII_1/index.php?r=reserva/admin
---
2014/11/18 10:19:00 [error] [exception.CHttpException.403] exception 'CHttpException' with message 'You are not authorized to perform this action.' in /home/fabricio/public_html/yii/framework/web/auth/CAccessControlFilter.php:182
Stack trace:
#0 /home/fabricio/public_html/yii/framework/web/auth/CAccessControlFilter.php(145): CAccessControlFilter->accessDenied(Object(CWebUser), 'You are not aut...')
#1 /home/fabricio/public_html/yii/framework/web/filters/CFilter.php(38): CAccessControlFilter->preFilter(Object(CFilterChain))
#2 /home/fabricio/public_html/yii/framework/web/CController.php(1145): CFilter->filter(Object(CFilterChain))
#3 /home/fabricio/public_html/yii/framework/web/filters/CInlineFilter.php(58): CController->filterAccessControl(Object(CFilterChain))
#4 /home/fabricio/public_html/yii/framework/web/filters/CFilterChain.php(130): CInlineFilter->filter(Object(CFilterChain))
#5 /home/fabricio/public_html/yii/framework/web/CController.php(291): CFilterChain->run()
#6 /home/fabricio/public_html/yii/framework/web/CController.php(265): CController->runActionWithFilters(Object(CInlineAction), Array)
#7 /home/fabricio/public_html/yii/framework/web/CWebApplication.php(282): CController->run('admin')
#8 /home/fabricio/public_html/yii/framework/web/CWebApplication.php(141): CWebApplication->runController('catalogoRuta/ad...')
#9 /home/fabricio/public_html/yii/framework/base/CApplication.php(180): CWebApplication->processRequest()
#10 /home/fabricio/public_html/PROYECTO_BOLETERIA_YII_1/index.php(13): CApplication->run()
#11 {main}
REQUEST_URI=/~fabricio/PROYECTO_BOLETERIA_YII_1/index.php?r=catalogoRuta/admin
HTTP_REFERER=http://localhost/~fabricio/PROYECTO_BOLETERIA_YII_1/index.php?r=reserva/admin
---
2014/11/18 10:19:05 [error] [exception.CHttpException.403] exception 'CHttpException' with message 'You are not authorized to perform this action.' in /home/fabricio/public_html/yii/framework/web/auth/CAccessControlFilter.php:182
Stack trace:
#0 /home/fabricio/public_html/yii/framework/web/auth/CAccessControlFilter.php(145): CAccessControlFilter->accessDenied(Object(CWebUser), 'You are not aut...')
#1 /home/fabricio/public_html/yii/framework/web/filters/CFilter.php(38): CAccessControlFilter->preFilter(Object(CFilterChain))
#2 /home/fabricio/public_html/yii/framework/web/CController.php(1145): CFilter->filter(Object(CFilterChain))
#3 /home/fabricio/public_html/yii/framework/web/filters/CInlineFilter.php(58): CController->filterAccessControl(Object(CFilterChain))
#4 /home/fabricio/public_html/yii/framework/web/filters/CFilterChain.php(130): CInlineFilter->filter(Object(CFilterChain))
#5 /home/fabricio/public_html/yii/framework/web/CController.php(291): CFilterChain->run()
#6 /home/fabricio/public_html/yii/framework/web/CController.php(265): CController->runActionWithFilters(Object(CInlineAction), Array)
#7 /home/fabricio/public_html/yii/framework/web/CWebApplication.php(282): CController->run('admin')
#8 /home/fabricio/public_html/yii/framework/web/CWebApplication.php(141): CWebApplication->runController('catalogoRuta/ad...')
#9 /home/fabricio/public_html/yii/framework/base/CApplication.php(180): CWebApplication->processRequest()
#10 /home/fabricio/public_html/PROYECTO_BOLETERIA_YII_1/index.php(13): CApplication->run()
#11 {main}
REQUEST_URI=/~fabricio/PROYECTO_BOLETERIA_YII_1/index.php?r=catalogoRuta/admin
HTTP_REFERER=http://localhost/~fabricio/PROYECTO_BOLETERIA_YII_1/index.php?r=reserva/admin
---
2014/11/18 10:19:10 [error] [exception.CHttpException.403] exception 'CHttpException' with message 'You are not authorized to perform this action.' in /home/fabricio/public_html/yii/framework/web/auth/CAccessControlFilter.php:182
Stack trace:
#0 /home/fabricio/public_html/yii/framework/web/auth/CAccessControlFilter.php(145): CAccessControlFilter->accessDenied(Object(CWebUser), 'You are not aut...')
#1 /home/fabricio/public_html/yii/framework/web/filters/CFilter.php(38): CAccessControlFilter->preFilter(Object(CFilterChain))
#2 /home/fabricio/public_html/yii/framework/web/CController.php(1145): CFilter->filter(Object(CFilterChain))
#3 /home/fabricio/public_html/yii/framework/web/filters/CInlineFilter.php(58): CController->filterAccessControl(Object(CFilterChain))
#4 /home/fabricio/public_html/yii/framework/web/filters/CFilterChain.php(130): CInlineFilter->filter(Object(CFilterChain))
#5 /home/fabricio/public_html/yii/framework/web/CController.php(291): CFilterChain->run()
#6 /home/fabricio/public_html/yii/framework/web/CController.php(265): CController->runActionWithFilters(Object(CInlineAction), Array)
#7 /home/fabricio/public_html/yii/framework/web/CWebApplication.php(282): CController->run('admin')
#8 /home/fabricio/public_html/yii/framework/web/CWebApplication.php(141): CWebApplication->runController('catalogoRuta/ad...')
#9 /home/fabricio/public_html/yii/framework/base/CApplication.php(180): CWebApplication->processRequest()
#10 /home/fabricio/public_html/PROYECTO_BOLETERIA_YII_1/index.php(13): CApplication->run()
#11 {main}
REQUEST_URI=/~fabricio/PROYECTO_BOLETERIA_YII_1/index.php?r=catalogoRuta/admin
HTTP_REFERER=http://localhost/~fabricio/PROYECTO_BOLETERIA_YII_1/index.php?r=reserva/admin
---
2014/11/18 10:19:12 [error] [exception.CHttpException.403] exception 'CHttpException' with message 'You are not authorized to perform this action.' in /home/fabricio/public_html/yii/framework/web/auth/CAccessControlFilter.php:182
Stack trace:
#0 /home/fabricio/public_html/yii/framework/web/auth/CAccessControlFilter.php(145): CAccessControlFilter->accessDenied(Object(CWebUser), 'You are not aut...')
#1 /home/fabricio/public_html/yii/framework/web/filters/CFilter.php(38): CAccessControlFilter->preFilter(Object(CFilterChain))
#2 /home/fabricio/public_html/yii/framework/web/CController.php(1145): CFilter->filter(Object(CFilterChain))
#3 /home/fabricio/public_html/yii/framework/web/filters/CInlineFilter.php(58): CController->filterAccessControl(Object(CFilterChain))
#4 /home/fabricio/public_html/yii/framework/web/filters/CFilterChain.php(130): CInlineFilter->filter(Object(CFilterChain))
#5 /home/fabricio/public_html/yii/framework/web/CController.php(291): CFilterChain->run()
#6 /home/fabricio/public_html/yii/framework/web/CController.php(265): CController->runActionWithFilters(Object(CInlineAction), Array)
#7 /home/fabricio/public_html/yii/framework/web/CWebApplication.php(282): CController->run('admin')
#8 /home/fabricio/public_html/yii/framework/web/CWebApplication.php(141): CWebApplication->runController('catalogoRuta/ad...')
#9 /home/fabricio/public_html/yii/framework/base/CApplication.php(180): CWebApplication->processRequest()
#10 /home/fabricio/public_html/PROYECTO_BOLETERIA_YII_1/index.php(13): CApplication->run()
#11 {main}
REQUEST_URI=/~fabricio/PROYECTO_BOLETERIA_YII_1/index.php?r=catalogoRuta/admin
HTTP_REFERER=http://localhost/~fabricio/PROYECTO_BOLETERIA_YII_1/index.php?r=reserva/admin
---
2014/11/18 10:19:19 [error] [exception.CHttpException.403] exception 'CHttpException' with message 'You are not authorized to perform this action.' in /home/fabricio/public_html/yii/framework/web/auth/CAccessControlFilter.php:182
Stack trace:
#0 /home/fabricio/public_html/yii/framework/web/auth/CAccessControlFilter.php(145): CAccessControlFilter->accessDenied(Object(CWebUser), 'You are not aut...')
#1 /home/fabricio/public_html/yii/framework/web/filters/CFilter.php(38): CAccessControlFilter->preFilter(Object(CFilterChain))
#2 /home/fabricio/public_html/yii/framework/web/CController.php(1145): CFilter->filter(Object(CFilterChain))
#3 /home/fabricio/public_html/yii/framework/web/filters/CInlineFilter.php(58): CController->filterAccessControl(Object(CFilterChain))
#4 /home/fabricio/public_html/yii/framework/web/filters/CFilterChain.php(130): CInlineFilter->filter(Object(CFilterChain))
#5 /home/fabricio/public_html/yii/framework/web/CController.php(291): CFilterChain->run()
#6 /home/fabricio/public_html/yii/framework/web/CController.php(265): CController->runActionWithFilters(Object(CInlineAction), Array)
#7 /home/fabricio/public_html/yii/framework/web/CWebApplication.php(282): CController->run('admin')
#8 /home/fabricio/public_html/yii/framework/web/CWebApplication.php(141): CWebApplication->runController('catalogoRuta/ad...')
#9 /home/fabricio/public_html/yii/framework/base/CApplication.php(180): CWebApplication->processRequest()
#10 /home/fabricio/public_html/PROYECTO_BOLETERIA_YII_1/index.php(13): CApplication->run()
#11 {main}
REQUEST_URI=/~fabricio/PROYECTO_BOLETERIA_YII_1/index.php?r=catalogoRuta/admin
---
2014/11/18 10:19:21 [error] [exception.CHttpException.403] exception 'CHttpException' with message 'You are not authorized to perform this action.' in /home/fabricio/public_html/yii/framework/web/auth/CAccessControlFilter.php:182
Stack trace:
#0 /home/fabricio/public_html/yii/framework/web/auth/CAccessControlFilter.php(145): CAccessControlFilter->accessDenied(Object(CWebUser), 'You are not aut...')
#1 /home/fabricio/public_html/yii/framework/web/filters/CFilter.php(38): CAccessControlFilter->preFilter(Object(CFilterChain))
#2 /home/fabricio/public_html/yii/framework/web/CController.php(1145): CFilter->filter(Object(CFilterChain))
#3 /home/fabricio/public_html/yii/framework/web/filters/CInlineFilter.php(58): CController->filterAccessControl(Object(CFilterChain))
#4 /home/fabricio/public_html/yii/framework/web/filters/CFilterChain.php(130): CInlineFilter->filter(Object(CFilterChain))
#5 /home/fabricio/public_html/yii/framework/web/CController.php(291): CFilterChain->run()
#6 /home/fabricio/public_html/yii/framework/web/CController.php(265): CController->runActionWithFilters(Object(CInlineAction), Array)
#7 /home/fabricio/public_html/yii/framework/web/CWebApplication.php(282): CController->run('admin')
#8 /home/fabricio/public_html/yii/framework/web/CWebApplication.php(141): CWebApplication->runController('catalogoRuta/ad...')
#9 /home/fabricio/public_html/yii/framework/base/CApplication.php(180): CWebApplication->processRequest()
#10 /home/fabricio/public_html/PROYECTO_BOLETERIA_YII_1/index.php(13): CApplication->run()
#11 {main}
REQUEST_URI=/~fabricio/PROYECTO_BOLETERIA_YII_1/index.php?r=catalogoRuta/admin
HTTP_REFERER=http://localhost/~fabricio/PROYECTO_BOLETERIA_YII_1/index.php?r=catalogoRuta/admin
---
2014/11/18 10:19:28 [error] [exception.CHttpException.403] exception 'CHttpException' with message 'You are not authorized to perform this action.' in /home/fabricio/public_html/yii/framework/web/auth/CAccessControlFilter.php:182
Stack trace:
#0 /home/fabricio/public_html/yii/framework/web/auth/CAccessControlFilter.php(145): CAccessControlFilter->accessDenied(Object(CWebUser), 'You are not aut...')
#1 /home/fabricio/public_html/yii/framework/web/filters/CFilter.php(38): CAccessControlFilter->preFilter(Object(CFilterChain))
#2 /home/fabricio/public_html/yii/framework/web/CController.php(1145): CFilter->filter(Object(CFilterChain))
#3 /home/fabricio/public_html/yii/framework/web/filters/CInlineFilter.php(58): CController->filterAccessControl(Object(CFilterChain))
#4 /home/fabricio/public_html/yii/framework/web/filters/CFilterChain.php(130): CInlineFilter->filter(Object(CFilterChain))
#5 /home/fabricio/public_html/yii/framework/web/CController.php(291): CFilterChain->run()
#6 /home/fabricio/public_html/yii/framework/web/CController.php(265): CController->runActionWithFilters(Object(CInlineAction), Array)
#7 /home/fabricio/public_html/yii/framework/web/CWebApplication.php(282): CController->run('admin')
#8 /home/fabricio/public_html/yii/framework/web/CWebApplication.php(141): CWebApplication->runController('catalogoRuta/ad...')
#9 /home/fabricio/public_html/yii/framework/base/CApplication.php(180): CWebApplication->processRequest()
#10 /home/fabricio/public_html/PROYECTO_BOLETERIA_YII_1/index.php(13): CApplication->run()
#11 {main}
REQUEST_URI=/~fabricio/PROYECTO_BOLETERIA_YII_1/index.php?r=catalogoRuta/admin
HTTP_REFERER=http://localhost/~fabricio/PROYECTO_BOLETERIA_YII_1/index.php?r=reserva/admin
---
2014/11/18 16:36:29 [error] [system.db.CDbCommand] CDbCommand::execute() failed: SQLSTATE[23000]: Integrity constraint violation: 1062 Duplicate entry '0' for key 'PRIMARY'. The SQL statement executed was: INSERT INTO `usuario` (`email`, `cedula`, `nombre`, `telefono`, `direccion`, `password`, `estado`) VALUES (:yp0, :yp1, :yp2, :yp3, :yp4, :yp5, :yp6).
in /home/fabricio/public_html/PROYECTO_BOLETERIA_YII_1/protected/controllers/UsuarioController.php (73)
in /home/fabricio/public_html/PROYECTO_BOLETERIA_YII_1/index.php (13)
2014/11/18 16:36:29 [error] [exception.CDbException] exception 'CDbException' with message 'CDbCommand failed to execute the SQL statement: SQLSTATE[23000]: Integrity constraint violation: 1062 Duplicate entry '0' for key 'PRIMARY'. The SQL statement executed was: INSERT INTO `usuario` (`email`, `cedula`, `nombre`, `telefono`, `direccion`, `password`, `estado`) VALUES (:yp0, :yp1, :yp2, :yp3, :yp4, :yp5, :yp6)' in /home/fabricio/public_html/yii/framework/db/CDbCommand.php:358
Stack trace:
#0 /home/fabricio/public_html/yii/framework/db/ar/CActiveRecord.php(1077): CDbCommand->execute()
#1 /home/fabricio/public_html/yii/framework/db/ar/CActiveRecord.php(806): CActiveRecord->insert(NULL)
#2 /home/fabricio/public_html/PROYECTO_BOLETERIA_YII_1/protected/controllers/UsuarioController.php(73): CActiveRecord->save()
#3 /home/fabricio/public_html/yii/framework/web/actions/CInlineAction.php(49): UsuarioController->actionCreate()
#4 /home/fabricio/public_html/yii/framework/web/CController.php(308): CInlineAction->runWithParams(Array)
#5 /home/fabricio/public_html/yii/framework/web/filters/CFilterChain.php(133): CController->runAction(Object(CInlineAction))
#6 /home/fabricio/public_html/yii/framework/web/filters/CFilter.php(40): CFilterChain->run()
#7 /home/fabricio/public_html/yii/framework/web/CController.php(1145): CFilter->filter(Object(CFilterChain))
#8 /home/fabricio/public_html/yii/framework/web/filters/CInlineFilter.php(58): CController->filterAccessControl(Object(CFilterChain))
#9 /home/fabricio/public_html/yii/framework/web/filters/CFilterChain.php(130): CInlineFilter->filter(Object(CFilterChain))
#10 /home/fabricio/public_html/yii/framework/web/CController.php(291): CFilterChain->run()
#11 /home/fabricio/public_html/yii/framework/web/CController.php(265): CController->runActionWithFilters(Object(CInlineAction), Array)
#12 /home/fabricio/public_html/yii/framework/web/CWebApplication.php(282): CController->run('create')
#13 /home/fabricio/public_html/yii/framework/web/CWebApplication.php(141): CWebApplication->runController('usuario/create')
#14 /home/fabricio/public_html/yii/framework/base/CApplication.php(180): CWebApplication->processRequest()
#15 /home/fabricio/public_html/PROYECTO_BOLETERIA_YII_1/index.php(13): CApplication->run()
#16 {main}
REQUEST_URI=/~fabricio/PROYECTO_BOLETERIA_YII_1/index.php?r=usuario/create
HTTP_REFERER=http://localhost/~fabricio/PROYECTO_BOLETERIA_YII_1/index.php?r=usuario/create
---
2014/11/18 16:39:38 [error] [exception.CHttpException.403] exception 'CHttpException' with message 'You are not authorized to perform this action.' in /home/fabricio/public_html/yii/framework/web/auth/CAccessControlFilter.php:182
Stack trace:
#0 /home/fabricio/public_html/yii/framework/web/auth/CAccessControlFilter.php(145): CAccessControlFilter->accessDenied(Object(CWebUser), 'You are not aut...')
#1 /home/fabricio/public_html/yii/framework/web/filters/CFilter.php(38): CAccessControlFilter->preFilter(Object(CFilterChain))
#2 /home/fabricio/public_html/yii/framework/web/CController.php(1145): CFilter->filter(Object(CFilterChain))
#3 /home/fabricio/public_html/yii/framework/web/filters/CInlineFilter.php(58): CController->filterAccessControl(Object(CFilterChain))
#4 /home/fabricio/public_html/yii/framework/web/filters/CFilterChain.php(130): CInlineFilter->filter(Object(CFilterChain))
#5 /home/fabricio/public_html/yii/framework/web/CController.php(291): CFilterChain->run()
#6 /home/fabricio/public_html/yii/framework/web/CController.php(265): CController->runActionWithFilters(Object(CInlineAction), Array)
#7 /home/fabricio/public_html/yii/framework/web/CWebApplication.php(282): CController->run('admin')
#8 /home/fabricio/public_html/yii/framework/web/CWebApplication.php(141): CWebApplication->runController('catalogoRuta/ad...')
#9 /home/fabricio/public_html/yii/framework/base/CApplication.php(180): CWebApplication->processRequest()
#10 /home/fabricio/public_html/PROYECTO_BOLETERIA_YII_1/index.php(13): CApplication->run()
#11 {main}
REQUEST_URI=/~fabricio/PROYECTO_BOLETERIA_YII_1/index.php?r=catalogoRuta/admin
HTTP_REFERER=http://localhost/~fabricio/PROYECTO_BOLETERIA_YII_1/index.php?r=reserva/admin
---
2014/11/18 16:40:51 [error] [exception.CHttpException.403] exception 'CHttpException' with message 'You are not authorized to perform this action.' in /home/fabricio/public_html/yii/framework/web/auth/CAccessControlFilter.php:182
Stack trace:
#0 /home/fabricio/public_html/yii/framework/web/auth/CAccessControlFilter.php(145): CAccessControlFilter->accessDenied(Object(CWebUser), 'You are not aut...')
#1 /home/fabricio/public_html/yii/framework/web/filters/CFilter.php(38): CAccessControlFilter->preFilter(Object(CFilterChain))
#2 /home/fabricio/public_html/yii/framework/web/CController.php(1145): CFilter->filter(Object(CFilterChain))
#3 /home/fabricio/public_html/yii/framework/web/filters/CInlineFilter.php(58): CController->filterAccessControl(Object(CFilterChain))
#4 /home/fabricio/public_html/yii/framework/web/filters/CFilterChain.php(130): CInlineFilter->filter(Object(CFilterChain))
#5 /home/fabricio/public_html/yii/framework/web/CController.php(291): CFilterChain->run()
#6 /home/fabricio/public_html/yii/framework/web/CController.php(265): CController->runActionWithFilters(Object(CInlineAction), Array)
#7 /home/fabricio/public_html/yii/framework/web/CWebApplication.php(282): CController->run('admin')
#8 /home/fabricio/public_html/yii/framework/web/CWebApplication.php(141): CWebApplication->runController('catalogoRuta/ad...')
#9 /home/fabricio/public_html/yii/framework/base/CApplication.php(180): CWebApplication->processRequest()
#10 /home/fabricio/public_html/PROYECTO_BOLETERIA_YII_1/index.php(13): CApplication->run()
#11 {main}
REQUEST_URI=/~fabricio/PROYECTO_BOLETERIA_YII_1/index.php?r=catalogoRuta/admin
HTTP_REFERER=http://localhost/~fabricio/PROYECTO_BOLETERIA_YII_1/index.php?r=reserva/admin
---
2014/11/18 16:42:16 [error] [exception.CHttpException.403] exception 'CHttpException' with message 'You are not authorized to perform this action.' in /home/fabricio/public_html/yii/framework/web/auth/CAccessControlFilter.php:182
Stack trace:
#0 /home/fabricio/public_html/yii/framework/web/auth/CAccessControlFilter.php(145): CAccessControlFilter->accessDenied(Object(CWebUser), 'You are not aut...')
#1 /home/fabricio/public_html/yii/framework/web/filters/CFilter.php(38): CAccessControlFilter->preFilter(Object(CFilterChain))
#2 /home/fabricio/public_html/yii/framework/web/CController.php(1145): CFilter->filter(Object(CFilterChain))
#3 /home/fabricio/public_html/yii/framework/web/filters/CInlineFilter.php(58): CController->filterAccessControl(Object(CFilterChain))
#4 /home/fabricio/public_html/yii/framework/web/filters/CFilterChain.php(130): CInlineFilter->filter(Object(CFilterChain))
#5 /home/fabricio/public_html/yii/framework/web/CController.php(291): CFilterChain->run()
#6 /home/fabricio/public_html/yii/framework/web/CController.php(265): CController->runActionWithFilters(Object(CInlineAction), Array)
#7 /home/fabricio/public_html/yii/framework/web/CWebApplication.php(282): CController->run('admin')
#8 /home/fabricio/public_html/yii/framework/web/CWebApplication.php(141): CWebApplication->runController('catalogoRuta/ad...')
#9 /home/fabricio/public_html/yii/framework/base/CApplication.php(180): CWebApplication->processRequest()
#10 /home/fabricio/public_html/PROYECTO_BOLETERIA_YII_1/index.php(13): CApplication->run()
#11 {main}
REQUEST_URI=/~fabricio/PROYECTO_BOLETERIA_YII_1/index.php?r=catalogoRuta/admin
HTTP_REFERER=http://localhost/~fabricio/PROYECTO_BOLETERIA_YII_1/index.php?r=reserva/admin
---
2014/11/18 16:42:18 [error] [exception.CHttpException.403] exception 'CHttpException' with message 'You are not authorized to perform this action.' in /home/fabricio/public_html/yii/framework/web/auth/CAccessControlFilter.php:182
Stack trace:
#0 /home/fabricio/public_html/yii/framework/web/auth/CAccessControlFilter.php(145): CAccessControlFilter->accessDenied(Object(CWebUser), 'You are not aut...')
#1 /home/fabricio/public_html/yii/framework/web/filters/CFilter.php(38): CAccessControlFilter->preFilter(Object(CFilterChain))
#2 /home/fabricio/public_html/yii/framework/web/CController.php(1145): CFilter->filter(Object(CFilterChain))
#3 /home/fabricio/public_html/yii/framework/web/filters/CInlineFilter.php(58): CController->filterAccessControl(Object(CFilterChain))
#4 /home/fabricio/public_html/yii/framework/web/filters/CFilterChain.php(130): CInlineFilter->filter(Object(CFilterChain))
#5 /home/fabricio/public_html/yii/framework/web/CController.php(291): CFilterChain->run()
#6 /home/fabricio/public_html/yii/framework/web/CController.php(265): CController->runActionWithFilters(Object(CInlineAction), Array)
#7 /home/fabricio/public_html/yii/framework/web/CWebApplication.php(282): CController->run('admin')
#8 /home/fabricio/public_html/yii/framework/web/CWebApplication.php(141): CWebApplication->runController('catalogoRuta/ad...')
#9 /home/fabricio/public_html/yii/framework/base/CApplication.php(180): CWebApplication->processRequest()
#10 /home/fabricio/public_html/PROYECTO_BOLETERIA_YII_1/index.php(13): CApplication->run()
#11 {main}
REQUEST_URI=/~fabricio/PROYECTO_BOLETERIA_YII_1/index.php?r=catalogoRuta/admin
HTTP_REFERER=http://localhost/~fabricio/PROYECTO_BOLETERIA_YII_1/index.php?r=reserva/admin
---
2014/11/18 16:42:20 [error] [exception.CHttpException.403] exception 'CHttpException' with message 'You are not authorized to perform this action.' in /home/fabricio/public_html/yii/framework/web/auth/CAccessControlFilter.php:182
Stack trace:
#0 /home/fabricio/public_html/yii/framework/web/auth/CAccessControlFilter.php(145): CAccessControlFilter->accessDenied(Object(CWebUser), 'You are not aut...')
#1 /home/fabricio/public_html/yii/framework/web/filters/CFilter.php(38): CAccessControlFilter->preFilter(Object(CFilterChain))
#2 /home/fabricio/public_html/yii/framework/web/CController.php(1145): CFilter->filter(Object(CFilterChain))
#3 /home/fabricio/public_html/yii/framework/web/filters/CInlineFilter.php(58): CController->filterAccessControl(Object(CFilterChain))
#4 /home/fabricio/public_html/yii/framework/web/filters/CFilterChain.php(130): CInlineFilter->filter(Object(CFilterChain))
#5 /home/fabricio/public_html/yii/framework/web/CController.php(291): CFilterChain->run()
#6 /home/fabricio/public_html/yii/framework/web/CController.php(265): CController->runActionWithFilters(Object(CInlineAction), Array)
#7 /home/fabricio/public_html/yii/framework/web/CWebApplication.php(282): CController->run('admin')
#8 /home/fabricio/public_html/yii/framework/web/CWebApplication.php(141): CWebApplication->runController('catalogoRuta/ad...')
#9 /home/fabricio/public_html/yii/framework/base/CApplication.php(180): CWebApplication->processRequest()
#10 /home/fabricio/public_html/PROYECTO_BOLETERIA_YII_1/index.php(13): CApplication->run()
#11 {main}
REQUEST_URI=/~fabricio/PROYECTO_BOLETERIA_YII_1/index.php?r=catalogoRuta/admin
HTTP_REFERER=http://localhost/~fabricio/PROYECTO_BOLETERIA_YII_1/index.php?r=reserva/admin
---
2014/11/18 16:42:22 [error] [exception.CHttpException.403] exception 'CHttpException' with message 'You are not authorized to perform this action.' in /home/fabricio/public_html/yii/framework/web/auth/CAccessControlFilter.php:182
Stack trace:
#0 /home/fabricio/public_html/yii/framework/web/auth/CAccessControlFilter.php(145): CAccessControlFilter->accessDenied(Object(CWebUser), 'You are not aut...')
#1 /home/fabricio/public_html/yii/framework/web/filters/CFilter.php(38): CAccessControlFilter->preFilter(Object(CFilterChain))
#2 /home/fabricio/public_html/yii/framework/web/CController.php(1145): CFilter->filter(Object(CFilterChain))
#3 /home/fabricio/public_html/yii/framework/web/filters/CInlineFilter.php(58): CController->filterAccessControl(Object(CFilterChain))
#4 /home/fabricio/public_html/yii/framework/web/filters/CFilterChain.php(130): CInlineFilter->filter(Object(CFilterChain))
#5 /home/fabricio/public_html/yii/framework/web/CController.php(291): CFilterChain->run()
#6 /home/fabricio/public_html/yii/framework/web/CController.php(265): CController->runActionWithFilters(Object(CInlineAction), Array)
#7 /home/fabricio/public_html/yii/framework/web/CWebApplication.php(282): CController->run('admin')
#8 /home/fabricio/public_html/yii/framework/web/CWebApplication.php(141): CWebApplication->runController('catalogoRuta/ad...')
#9 /home/fabricio/public_html/yii/framework/base/CApplication.php(180): CWebApplication->processRequest()
#10 /home/fabricio/public_html/PROYECTO_BOLETERIA_YII_1/index.php(13): CApplication->run()
#11 {main}
REQUEST_URI=/~fabricio/PROYECTO_BOLETERIA_YII_1/index.php?r=catalogoRuta/admin
HTTP_REFERER=http://localhost/~fabricio/PROYECTO_BOLETERIA_YII_1/index.php?r=catalogoRuta/admin
---
2014/11/18 16:42:22 [error] [exception.CHttpException.403] exception 'CHttpException' with message 'You are not authorized to perform this action.' in /home/fabricio/public_html/yii/framework/web/auth/CAccessControlFilter.php:182
Stack trace:
#0 /home/fabricio/public_html/yii/framework/web/auth/CAccessControlFilter.php(145): CAccessControlFilter->accessDenied(Object(CWebUser), 'You are not aut...')
#1 /home/fabricio/public_html/yii/framework/web/filters/CFilter.php(38): CAccessControlFilter->preFilter(Object(CFilterChain))
#2 /home/fabricio/public_html/yii/framework/web/CController.php(1145): CFilter->filter(Object(CFilterChain))
#3 /home/fabricio/public_html/yii/framework/web/filters/CInlineFilter.php(58): CController->filterAccessControl(Object(CFilterChain))
#4 /home/fabricio/public_html/yii/framework/web/filters/CFilterChain.php(130): CInlineFilter->filter(Object(CFilterChain))
#5 /home/fabricio/public_html/yii/framework/web/CController.php(291): CFilterChain->run()
#6 /home/fabricio/public_html/yii/framework/web/CController.php(265): CController->runActionWithFilters(Object(CInlineAction), Array)
#7 /home/fabricio/public_html/yii/framework/web/CWebApplication.php(282): CController->run('admin')
#8 /home/fabricio/public_html/yii/framework/web/CWebApplication.php(141): CWebApplication->runController('catalogoRuta/ad...')
#9 /home/fabricio/public_html/yii/framework/base/CApplication.php(180): CWebApplication->processRequest()
#10 /home/fabricio/public_html/PROYECTO_BOLETERIA_YII_1/index.php(13): CApplication->run()
#11 {main}
REQUEST_URI=/~fabricio/PROYECTO_BOLETERIA_YII_1/index.php?r=catalogoRuta/admin
HTTP_REFERER=http://localhost/~fabricio/PROYECTO_BOLETERIA_YII_1/index.php?r=catalogoRuta/admin
---
2014/11/18 16:42:23 [error] [exception.CHttpException.403] exception 'CHttpException' with message 'You are not authorized to perform this action.' in /home/fabricio/public_html/yii/framework/web/auth/CAccessControlFilter.php:182
Stack trace:
#0 /home/fabricio/public_html/yii/framework/web/auth/CAccessControlFilter.php(145): CAccessControlFilter->accessDenied(Object(CWebUser), 'You are not aut...')
#1 /home/fabricio/public_html/yii/framework/web/filters/CFilter.php(38): CAccessControlFilter->preFilter(Object(CFilterChain))
#2 /home/fabricio/public_html/yii/framework/web/CController.php(1145): CFilter->filter(Object(CFilterChain))
#3 /home/fabricio/public_html/yii/framework/web/filters/CInlineFilter.php(58): CController->filterAccessControl(Object(CFilterChain))
#4 /home/fabricio/public_html/yii/framework/web/filters/CFilterChain.php(130): CInlineFilter->filter(Object(CFilterChain))
#5 /home/fabricio/public_html/yii/framework/web/CController.php(291): CFilterChain->run()
#6 /home/fabricio/public_html/yii/framework/web/CController.php(265): CController->runActionWithFilters(Object(CInlineAction), Array)
#7 /home/fabricio/public_html/yii/framework/web/CWebApplication.php(282): CController->run('admin')
#8 /home/fabricio/public_html/yii/framework/web/CWebApplication.php(141): CWebApplication->runController('catalogoRuta/ad...')
#9 /home/fabricio/public_html/yii/framework/base/CApplication.php(180): CWebApplication->processRequest()
#10 /home/fabricio/public_html/PROYECTO_BOLETERIA_YII_1/index.php(13): CApplication->run()
#11 {main}
REQUEST_URI=/~fabricio/PROYECTO_BOLETERIA_YII_1/index.php?r=catalogoRuta/admin
HTTP_REFERER=http://localhost/~fabricio/PROYECTO_BOLETERIA_YII_1/index.php?r=catalogoRuta/admin
---
2014/11/18 16:42:25 [error] [exception.CHttpException.403] exception 'CHttpException' with message 'You are not authorized to perform this action.' in /home/fabricio/public_html/yii/framework/web/auth/CAccessControlFilter.php:182
Stack trace:
#0 /home/fabricio/public_html/yii/framework/web/auth/CAccessControlFilter.php(145): CAccessControlFilter->accessDenied(Object(CWebUser), 'You are not aut...')
#1 /home/fabricio/public_html/yii/framework/web/filters/CFilter.php(38): CAccessControlFilter->preFilter(Object(CFilterChain))
#2 /home/fabricio/public_html/yii/framework/web/CController.php(1145): CFilter->filter(Object(CFilterChain))
#3 /home/fabricio/public_html/yii/framework/web/filters/CInlineFilter.php(58): CController->filterAccessControl(Object(CFilterChain))
#4 /home/fabricio/public_html/yii/framework/web/filters/CFilterChain.php(130): CInlineFilter->filter(Object(CFilterChain))
#5 /home/fabricio/public_html/yii/framework/web/CController.php(291): CFilterChain->run()
#6 /home/fabricio/public_html/yii/framework/web/CController.php(265): CController->runActionWithFilters(Object(CInlineAction), Array)
#7 /home/fabricio/public_html/yii/framework/web/CWebApplication.php(282): CController->run('admin')
#8 /home/fabricio/public_html/yii/framework/web/CWebApplication.php(141): CWebApplication->runController('catalogoRuta/ad...')
#9 /home/fabricio/public_html/yii/framework/base/CApplication.php(180): CWebApplication->processRequest()
#10 /home/fabricio/public_html/PROYECTO_BOLETERIA_YII_1/index.php(13): CApplication->run()
#11 {main}
REQUEST_URI=/~fabricio/PROYECTO_BOLETERIA_YII_1/index.php?r=catalogoRuta/admin
HTTP_REFERER=http://localhost/~fabricio/PROYECTO_BOLETERIA_YII_1/index.php?r=reserva/admin
---
2014/11/18 16:47:04 [error] [system.db.CDbCommand] CDbCommand::execute() failed: SQLSTATE[23000]: Integrity constraint violation: 1062 Duplicate entry '0' for key 'PRIMARY'. The SQL statement executed was: INSERT INTO `compra` (`fecha`, `hora`, `total`, `estado`, `usuario_idusuario`) VALUES (:yp0, :yp1, :yp2, :yp3, :yp4).
in /home/fabricio/public_html/PROYECTO_BOLETERIA_YII_1/protected/controllers/CompraController.php (74)
in /home/fabricio/public_html/PROYECTO_BOLETERIA_YII_1/index.php (13)
2014/11/18 16:47:04 [error] [exception.CDbException] exception 'CDbException' with message 'CDbCommand failed to execute the SQL statement: SQLSTATE[23000]: Integrity constraint violation: 1062 Duplicate entry '0' for key 'PRIMARY'. The SQL statement executed was: INSERT INTO `compra` (`fecha`, `hora`, `total`, `estado`, `usuario_idusuario`) VALUES (:yp0, :yp1, :yp2, :yp3, :yp4)' in /home/fabricio/public_html/yii/framework/db/CDbCommand.php:358
Stack trace:
#0 /home/fabricio/public_html/yii/framework/db/ar/CActiveRecord.php(1077): CDbCommand->execute()
#1 /home/fabricio/public_html/yii/framework/db/ar/CActiveRecord.php(806): CActiveRecord->insert(NULL)
#2 /home/fabricio/public_html/PROYECTO_BOLETERIA_YII_1/protected/controllers/CompraController.php(74): CActiveRecord->save()
#3 /home/fabricio/public_html/yii/framework/web/actions/CInlineAction.php(49): CompraController->actionCreate()
#4 /home/fabricio/public_html/yii/framework/web/CController.php(308): CInlineAction->runWithParams(Array)
#5 /home/fabricio/public_html/yii/framework/web/filters/CFilterChain.php(133): CController->runAction(Object(CInlineAction))
#6 /home/fabricio/public_html/yii/framework/web/filters/CFilter.php(40): CFilterChain->run()
#7 /home/fabricio/public_html/yii/framework/web/CController.php(1145): CFilter->filter(Object(CFilterChain))
#8 /home/fabricio/public_html/yii/framework/web/filters/CInlineFilter.php(58): CController->filterAccessControl(Object(CFilterChain))
#9 /home/fabricio/public_html/yii/framework/web/filters/CFilterChain.php(130): CInlineFilter->filter(Object(CFilterChain))
#10 /home/fabricio/public_html/yii/framework/web/CController.php(291): CFilterChain->run()
#11 /home/fabricio/public_html/yii/framework/web/CController.php(265): CController->runActionWithFilters(Object(CInlineAction), Array)
#12 /home/fabricio/public_html/yii/framework/web/CWebApplication.php(282): CController->run('create')
#13 /home/fabricio/public_html/yii/framework/web/CWebApplication.php(141): CWebApplication->runController('compra/create')
#14 /home/fabricio/public_html/yii/framework/base/CApplication.php(180): CWebApplication->processRequest()
#15 /home/fabricio/public_html/PROYECTO_BOLETERIA_YII_1/index.php(13): CApplication->run()
#16 {main}
REQUEST_URI=/~fabricio/PROYECTO_BOLETERIA_YII_1/index.php?r=compra/create
HTTP_REFERER=http://localhost/~fabricio/PROYECTO_BOLETERIA_YII_1/index.php?r=compra/create
---
2014/11/18 17:07:23 [error] [exception.CHttpException.403] exception 'CHttpException' with message 'You are not authorized to perform this action.' in /home/fabricio/public_html/yii/framework/web/auth/CAccessControlFilter.php:182
Stack trace:
#0 /home/fabricio/public_html/yii/framework/web/auth/CAccessControlFilter.php(145): CAccessControlFilter->accessDenied(Object(CWebUser), 'You are not aut...')
#1 /home/fabricio/public_html/yii/framework/web/filters/CFilter.php(38): CAccessControlFilter->preFilter(Object(CFilterChain))
#2 /home/fabricio/public_html/yii/framework/web/CController.php(1145): CFilter->filter(Object(CFilterChain))
#3 /home/fabricio/public_html/yii/framework/web/filters/CInlineFilter.php(58): CController->filterAccessControl(Object(CFilterChain))
#4 /home/fabricio/public_html/yii/framework/web/filters/CFilterChain.php(130): CInlineFilter->filter(Object(CFilterChain))
#5 /home/fabricio/public_html/yii/framework/web/CController.php(291): CFilterChain->run()
#6 /home/fabricio/public_html/yii/framework/web/CController.php(265): CController->runActionWithFilters(Object(CInlineAction), Array)
#7 /home/fabricio/public_html/yii/framework/web/CWebApplication.php(282): CController->run('admin')
#8 /home/fabricio/public_html/yii/framework/web/CWebApplication.php(141): CWebApplication->runController('catalogoRuta/ad...')
#9 /home/fabricio/public_html/yii/framework/base/CApplication.php(180): CWebApplication->processRequest()
#10 /home/fabricio/public_html/PROYECTO_BOLETERIA_YII_1/index.php(13): CApplication->run()
#11 {main}
REQUEST_URI=/~fabricio/PROYECTO_BOLETERIA_YII_1/index.php?r=catalogoRuta/admin
HTTP_REFERER=http://localhost/~fabricio/PROYECTO_BOLETERIA_YII_1/index.php?r=reserva/admin
---
2014/11/18 17:10:15 [error] [system.db.CDbCommand] CDbCommand::execute() failed: SQLSTATE[23000]: Integrity constraint violation: 1062 Duplicate entry '0' for key 'PRIMARY'. The SQL statement executed was: INSERT INTO `catalogo_ruta` (`ciudad_origen`, `ciudad_destino`, `costo`) VALUES (:yp0, :yp1, :yp2).
in /home/fabricio/public_html/PROYECTO_BOLETERIA_YII_1/protected/controllers/CatalogoRutaController.php (73)
in /home/fabricio/public_html/PROYECTO_BOLETERIA_YII_1/index.php (13)
2014/11/18 17:10:15 [error] [exception.CDbException] exception 'CDbException' with message 'CDbCommand failed to execute the SQL statement: SQLSTATE[23000]: Integrity constraint violation: 1062 Duplicate entry '0' for key 'PRIMARY'. The SQL statement executed was: INSERT INTO `catalogo_ruta` (`ciudad_origen`, `ciudad_destino`, `costo`) VALUES (:yp0, :yp1, :yp2)' in /home/fabricio/public_html/yii/framework/db/CDbCommand.php:358
Stack trace:
#0 /home/fabricio/public_html/yii/framework/db/ar/CActiveRecord.php(1077): CDbCommand->execute()
#1 /home/fabricio/public_html/yii/framework/db/ar/CActiveRecord.php(806): CActiveRecord->insert(NULL)
#2 /home/fabricio/public_html/PROYECTO_BOLETERIA_YII_1/protected/controllers/CatalogoRutaController.php(73): CActiveRecord->save()
#3 /home/fabricio/public_html/yii/framework/web/actions/CInlineAction.php(49): CatalogoRutaController->actionCreate()
#4 /home/fabricio/public_html/yii/framework/web/CController.php(308): CInlineAction->runWithParams(Array)
#5 /home/fabricio/public_html/yii/framework/web/filters/CFilterChain.php(133): CController->runAction(Object(CInlineAction))
#6 /home/fabricio/public_html/yii/framework/web/filters/CFilter.php(40): CFilterChain->run()
#7 /home/fabricio/public_html/yii/framework/web/CController.php(1145): CFilter->filter(Object(CFilterChain))
#8 /home/fabricio/public_html/yii/framework/web/filters/CInlineFilter.php(58): CController->filterAccessControl(Object(CFilterChain))
#9 /home/fabricio/public_html/yii/framework/web/filters/CFilterChain.php(130): CInlineFilter->filter(Object(CFilterChain))
#10 /home/fabricio/public_html/yii/framework/web/CController.php(291): CFilterChain->run()
#11 /home/fabricio/public_html/yii/framework/web/CController.php(265): CController->runActionWithFilters(Object(CInlineAction), Array)
#12 /home/fabricio/public_html/yii/framework/web/CWebApplication.php(282): CController->run('create')
#13 /home/fabricio/public_html/yii/framework/web/CWebApplication.php(141): CWebApplication->runController('catalogoRuta/cr...')
#14 /home/fabricio/public_html/yii/framework/base/CApplication.php(180): CWebApplication->processRequest()
#15 /home/fabricio/public_html/PROYECTO_BOLETERIA_YII_1/index.php(13): CApplication->run()
#16 {main}
REQUEST_URI=/~fabricio/PROYECTO_BOLETERIA_YII_1/index.php?r=catalogoRuta/create
HTTP_REFERER=http://localhost/~fabricio/PROYECTO_BOLETERIA_YII_1/index.php?r=catalogoRuta/create
---
